  5.15.c
  5.22.c
  5.24.c
  5.27.c
  58_3_27.c
  58_3_29.c
  58_4_10.c
  58_4_12.c
  58_4_15.c
  58_4_19.c
  58_4_25.c
  58_4_26.c
  58_4_29.c
  58_4_8.c
  58_3_30.c
  58_3_31.c
  58_4_3.c
  58_5_10.c
  58_5_13.c
  58_5_8.c
  正在生成代码...
  正在编译...
  58_6_10.c
C:\Users\lenovo\source\repos\比特作业\比特作业\58_6_10.c(194,16): warning C4090: “return”: 不同的“const”限定符
  6.6.c
  9 9乘法表.c
  乘法口诀.c
  交换两个整数的值.c
  交换数组.c
  交换整数的值，无临时变量.c
  判断1000到2000年之间的闰年.c
  将三个数从大到小输出.c
  打印100到200之间的素数.c
  打印菱形.c
  最大公约数.c
  水仙花数.c
  求10个整数中最大值.c
  喝饮料.c
  自创函数操作数组.c
  计算.c
  阶乘.c
  正在生成代码...
  比特作业.vcxproj -> C:\Users\lenovo\source\repos\比特作业\Debug\比特作业.exe
