c:\users\lenovo\source\repos\比特作业\比特作业\debug\vc142.pdb
c:\users\lenovo\source\repos\比特作业\比特作业\debug\vc142.idb
c:\users\lenovo\source\repos\比特作业\比特作业\debug\判断1000到2000年之间的闰年.obj
c:\users\lenovo\source\repos\比特作业\比特作业\debug\交换两个整数的值.obj
c:\users\lenovo\source\repos\比特作业\比特作业\debug\9 9乘法表.obj
c:\users\lenovo\source\repos\比特作业\比特作业\debug\交换整数的值，无临时变量.obj
c:\users\lenovo\source\repos\比特作业\比特作业\debug\求10个整数中最大值.obj
c:\users\lenovo\source\repos\比特作业\比特作业\debug\将三个数从大到小输出.obj
c:\users\lenovo\source\repos\比特作业\比特作业\debug\最大公约数.obj
c:\users\lenovo\source\repos\比特作业\比特作业\debug\计算.obj
c:\users\lenovo\source\repos\比特作业\比特作业\debug\交换数组.obj
c:\users\lenovo\source\repos\比特作业\比特作业\debug\阶乘.obj
c:\users\lenovo\source\repos\比特作业\比特作业\debug\打印菱形.obj
c:\users\lenovo\source\repos\比特作业\比特作业\debug\水仙花数.obj
c:\users\lenovo\source\repos\比特作业\比特作业\debug\打印100到200之间的素数.obj
c:\users\lenovo\source\repos\比特作业\比特作业\debug\乘法口诀.obj
c:\users\lenovo\source\repos\比特作业\比特作业\debug\自创函数操作数组.obj
c:\users\lenovo\source\repos\比特作业\比特作业\debug\58.3.27.obj
c:\users\lenovo\source\repos\比特作业\比特作业\debug\58_3_30.obj
c:\users\lenovo\source\repos\比特作业\比特作业\debug\58.3.29.obj
c:\users\lenovo\source\repos\比特作业\比特作业\debug\58_3_31.obj
c:\users\lenovo\source\repos\比特作业\比特作业\debug\58_4_3.obj
c:\users\lenovo\source\repos\比特作业\比特作业\debug\58.4.8.obj
c:\users\lenovo\source\repos\比特作业\比特作业\debug\58_4_8.obj
c:\users\lenovo\source\repos\比特作业\比特作业\debug\58_4_10.obj
c:\users\lenovo\source\repos\比特作业\比特作业\debug\58_3_29.obj
c:\users\lenovo\source\repos\比特作业\比特作业\debug\58_3_27.obj
c:\users\lenovo\source\repos\比特作业\比特作业\debug\58_4_16.obj
c:\users\lenovo\source\repos\比特作业\比特作业\debug\58_4_12.obj
c:\users\lenovo\source\repos\比特作业\比特作业\debug\58_4_15.obj
c:\users\lenovo\source\repos\比特作业\比特作业\debug\58_4_19.obj
c:\users\lenovo\source\repos\比特作业\比特作业\debug\58_4_25.obj
c:\users\lenovo\source\repos\比特作业\比特作业\debug\58_4_26.obj
c:\users\lenovo\source\repos\比特作业\debug\比特作业.exe
c:\users\lenovo\source\repos\比特作业\debug\比特作业.ilk
c:\users\lenovo\source\repos\比特作业\debug\比特作业.pdb
c:\users\lenovo\source\repos\比特作业\比特作业\debug\比特作业.tlog\cl.command.1.tlog
c:\users\lenovo\source\repos\比特作业\比特作业\debug\比特作业.tlog\cl.read.1.tlog
c:\users\lenovo\source\repos\比特作业\比特作业\debug\比特作业.tlog\cl.write.1.tlog
c:\users\lenovo\source\repos\比特作业\比特作业\debug\比特作业.tlog\link.command.1.tlog
c:\users\lenovo\source\repos\比特作业\比特作业\debug\比特作业.tlog\link.read.1.tlog
c:\users\lenovo\source\repos\比特作业\比特作业\debug\比特作业.tlog\link.write.1.tlog
